-------------------------------------------------------------------------------
Test set: com.c2c.ElasticSearchQueryTest
-------------------------------------------------------------------------------
Tests run: 4, Failures: 0, Errors: 4, Skipped: 0, Time elapsed: 4.988 s <<< FAILURE! - in com.c2c.ElasticSearchQueryTest
testCreateOrUpdateDocument  Time elapsed: 0.171 s  <<< ERROR!
java.net.ConnectException: Connection refused: no further information
	at com.c2c.ElasticSearchQueryTest.testCreateOrUpdateDocument(ElasticSearchQueryTest.java:39)
Caused by: java.net.ConnectException: Connection refused: no further information

testDeleteDocumentById  Time elapsed: 0.004 s  <<< ERROR!
java.net.ConnectException: Connection refused: no further information
	at com.c2c.ElasticSearchQueryTest.testDeleteDocumentById(ElasticSearchQueryTest.java:63)
Caused by: java.net.ConnectException: Connection refused: no further information

testSearchAllDocuments  Time elapsed: 0.004 s  <<< ERROR!
java.net.ConnectException: Connection refused: no further information
	at com.c2c.ElasticSearchQueryTest.testSearchAllDocuments(ElasticSearchQueryTest.java:71)
Caused by: java.net.ConnectException: Connection refused: no further information

testGetDocumentById  Time elapsed: 0.004 s  <<< ERROR!
java.net.ConnectException: Connection refused: no further information
	at com.c2c.ElasticSearchQueryTest.testGetDocumentById(ElasticSearchQueryTest.java:46)
Caused by: java.net.ConnectException: Connection refused: no further information

