<?xml version="1.0" encoding="UTF-8"?>
<testsuite xmlns:xsi="http://www.w3.org/2001/XMLSchema-instance" xsi:noNamespaceSchemaLocation="https://maven.apache.org/surefire/maven-surefire-plugin/xsd/surefire-test-report.xsd" name="com.c2c.ElasticSearchQueryTest" time="4.988" tests="4" errors="4" skipped="0" failures="0">
  <properties>
[...]
</properties>
  <testcase name="testCreateOrUpdateDocument" classname="com.c2c.ElasticSearchQueryTest" time="0.171">
    <error message="Connection refused: no further information" type="java.net.ConnectException">java.net.ConnectException: Connection refused: no further information
	at com.c2c.ElasticSearchQueryTest.testCreateOrUpdateDocument(ElasticSearchQueryTest.java:39)
Caused by: java.net.ConnectException: Connection refused: no further information
</error>
    <system-out><![CDATA[11:07:42.661 [main] DEBUG org.springframework.test.context.BootstrapUtils - Instantiating CacheAwareContextLoaderDelegate from class [org.springframework.test.context.cache.DefaultCacheAwareContextLoaderDelegate]
11:07:42.665 [main] DEBUG org.springframework.test.context.BootstrapUtils - Instantiating BootstrapContext using constructor [public org.springframework.test.context.support.DefaultBootstrapContext(java.lang.Class,org.springframework.test.context.CacheAwareContextLoaderDelegate)]
11:07:42.699 [main] DEBUG org.springframework.test.context.BootstrapUtils - Instantiating TestContextBootstrapper for test class [com.c2c.ElasticSearchQueryTest] from class [org.springframework.boot.test.context.SpringBootTestContextBootstrapper]
11:07:42.706 [main] INFO org.springframework.boot.test.context.SpringBootTestContextBootstrapper - Neither @ContextConfiguration nor @ContextHierarchy found for test class [com.c2c.ElasticSearchQueryTest], using SpringBootContextLoader
11:07:42.712 [main] DEBUG org.springframework.test.context.support.AbstractContextLoader - Did not detect default resource location for test class [com.c2c.ElasticSearchQueryTest]: class path resource [com/c2c/ElasticSearchQueryTest-context.xml] does not exist
11:07:42.712 [main] DEBUG org.springframework.test.context.support.AbstractContextLoader - Did not detect default resource location for test class [com.c2c.ElasticSearchQueryTest]: class path resource [com/c2c/ElasticSearchQueryTestContext.groovy] does not exist
11:07:42.712 [main] INFO org.springframework.test.context.support.AbstractContextLoader - Could not detect default resource locations for test class [com.c2c.ElasticSearchQueryTest]: no resource found for suffixes {-context.xml, Context.groovy}.
11:07:42.712 [main] INFO org.springframework.test.context.support.AnnotationConfigContextLoaderUtils - Could not detect default configuration classes for test class [com.c2c.ElasticSearchQueryTest]: ElasticSearchQueryTest does not declare any static, non-private, non-final, nested classes annotated with @Configuration.
11:07:42.797 [main] DEBUG org.springframework.context.annotation.ClassPathScanningCandidateComponentProvider - Identified candidate component class: file [C:\Users\carlo\OneDrive\Documentos\webc2cSpring\webC2C\c2c\target\classes\com\c2c\App.class]
11:07:42.808 [main] INFO org.springframework.boot.test.context.SpringBootTestContextBootstrapper - Found @SpringBootConfiguration com.c2c.App for test class com.c2c.ElasticSearchQueryTest
11:07:42.900 [main] DEBUG org.springframework.boot.test.context.SpringBootTestContextBootstrapper - @TestExecutionListeners is not present for class [com.c2c.ElasticSearchQueryTest]: using defaults.
11:07:42.900 [main] INFO org.springframework.boot.test.context.SpringBootTestContextBootstrapper - Loaded default TestExecutionListener class names from location [META-INF/spring.factories]: [org.springframework.boot.test.mock.mockito.MockitoTestExecutionListener, org.springframework.boot.test.mock.mockito.ResetMocksTestExecutionListener, org.springframework.boot.test.autoconfigure.restdocs.RestDocsTestExecutionListener, org.springframework.boot.test.autoconfigure.web.client.MockRestServiceServerResetTestExecutionListener, org.springframework.boot.test.autoconfigure.web.servlet.MockMvcPrintOnlyOnFailureTestExecutionListener, org.springframework.boot.test.autoconfigure.web.servlet.WebDriverTestExecutionListener, org.springframework.boot.test.autoconfigure.webservices.client.MockWebServiceServerTestExecutionListener, org.springframework.test.context.web.ServletTestExecutionListener, org.springframework.test.context.support.DirtiesContextBeforeModesTestExecutionListener, org.springframework.test.context.event.ApplicationEventsTestExecutionListener, org.springframework.test.context.support.DependencyInjectionTestExecutionListener, org.springframework.test.context.support.DirtiesContextTestExecutionListener, org.springframework.test.context.transaction.TransactionalTestExecutionListener, org.springframework.test.context.jdbc.SqlScriptsTestExecutionListener, org.springframework.test.context.event.EventPublishingTestExecutionListener]
11:07:42.911 [main] INFO org.springframework.boot.test.context.SpringBootTestContextBootstrapper - Using TestExecutionListeners: [org.springframework.test.context.web.ServletTestExecutionListener@32a68f4f, org.springframework.test.context.support.DirtiesContextBeforeModesTestExecutionListener@73194df, org.springframework.test.context.event.ApplicationEventsTestExecutionListener@6eb2384f, org.springframework.boot.test.mock.mockito.MockitoTestExecutionListener@3c9c0d96, org.springframework.boot.test.autoconfigure.SpringBootDependencyInjectionTestExecutionListener@3a4621bd, org.springframework.test.context.support.DirtiesContextTestExecutionListener@31dadd46, org.springframework.test.context.transaction.TransactionalTestExecutionListener@4ed5eb72, org.springframework.test.context.jdbc.SqlScriptsTestExecutionListener@12f9af83, org.springframework.test.context.event.EventPublishingTestExecutionListener@19b93fa8, org.springframework.boot.test.mock.mockito.ResetMocksTestExecutionListener@7e6ef134, org.springframework.boot.test.autoconfigure.restdocs.RestDocsTestExecutionListener@1f010bf0, org.springframework.boot.test.autoconfigure.web.client.MockRestServiceServerResetTestExecutionListener@40db2a24, org.springframework.boot.test.autoconfigure.web.servlet.MockMvcPrintOnlyOnFailureTestExecutionListener@10cf09e8, org.springframework.boot.test.autoconfigure.web.servlet.WebDriverTestExecutionListener@1921ad94, org.springframework.boot.test.autoconfigure.webservices.client.MockWebServiceServerTestExecutionListener@ee86bcb]
11:07:42.915 [main] DEBUG org.springframework.test.context.support.AbstractDirtiesContextTestExecutionListener - Before test class: context [DefaultTestContext@7dda48d9 testClass = ElasticSearchQueryTest, testInstance = [null], testMethod = [null], testException = [null], mergedContextConfiguration = [WebMergedContextConfiguration@6e4566f1 testClass = ElasticSearchQueryTest, locations = '{}', classes = '{class com.c2c.App}', contextInitializerClasses = '[]', activeProfiles = '{test}', propertySourceLocations = '{}', propertySourceProperties = '{elasticsearch.host=localhost, elasticsearch.port=9201, org.springframework.boot.test.context.SpringBootTestContextBootstrapper=true}', contextCustomizers = set[org.springframework.boot.test.context.filter.ExcludeFilterContextCustomizer@bd4dc25, org.springframework.boot.test.json.DuplicateJsonObjectContextCustomizerFactory$DuplicateJsonObjectContextCustomizer@71def8f8, org.springframework.boot.test.mock.mockito.MockitoContextCustomizer@0, org.springframework.boot.test.web.client.TestRestTemplateContextCustomizer@1da2cb77, org.springframework.boot.test.autoconfigure.actuate.metrics.MetricsExportContextCustomizerFactory$DisableMetricExportContextCustomizer@4738a206, org.springframework.boot.test.autoconfigure.properties.PropertyMappingContextCustomizer@0, org.springframework.boot.test.autoconfigure.web.servlet.WebDriverContextCustomizerFactory$Customizer@d5b810e, org.springframework.boot.test.context.SpringBootTestArgs@1, org.springframework.boot.test.context.SpringBootTestWebEnvironment@731a74c], resourceBasePath = 'src/main/webapp', contextLoader = 'org.springframework.boot.test.context.SpringBootContextLoader', parent = [null]], attributes = map['org.springframework.test.context.web.ServletTestExecutionListener.activateListener' -> true]], class annotated with @DirtiesContext [false] with mode [null].

  .   ____          _            __ _ _
 /\\ / ___'_ __ _ _(_)_ __  __ _ \ \ \ \
( ( )\___ | '_ | '_| | '_ \/ _` | \ \ \ \
 \\/  ___)| |_)| | | | | || (_| |  ) ) ) )
  '  |____| .__|_| |_|_| |_\__, | / / / /
 =========|_|==============|___/=/_/_/_/
 :: Spring Boot ::                (v2.7.2)

2023-10-31 11:07:43.198  INFO 14928 --- [           main] com.c2c.ElasticSearchQueryTest           : Starting ElasticSearchQueryTest using Java 21.0.1 on carlos with PID 14928 (started by carlo in C:\Users\carlo\OneDrive\Documentos\webc2cSpring\webC2C\c2c)
2023-10-31 11:07:43.202  INFO 14928 --- [           main] com.c2c.ElasticSearchQueryTest           : The following 1 profile is active: "test"
2023-10-31 11:07:43.771  INFO 14928 --- [           main] .s.d.r.c.RepositoryConfigurationDelegate : Multiple Spring Data modules found, entering strict repository configuration mode
2023-10-31 11:07:43.771  INFO 14928 --- [           main] .s.d.r.c.RepositoryConfigurationDelegate : Bootstrapping Spring Data Elasticsearch repositories in DEFAULT mode.
2023-10-31 11:07:43.790  INFO 14928 --- [           main] .RepositoryConfigurationExtensionSupport : Spring Data Elasticsearch - Could not safely identify store assignment for repository candidate interface com.c2c.model.ProductInterface; If you want this repository to be a Elasticsearch repository, consider annotating your entities with one of these annotations: org.springframework.data.elasticsearch.annotations.Document (preferred), or consider extending one of the following types with your repository: org.springframework.data.elasticsearch.repository.ElasticsearchRepository, org.springframework.data.elasticsearch.repository.ElasticsearchRepository
2023-10-31 11:07:43.794  INFO 14928 --- [           main] .RepositoryConfigurationExtensionSupport : Spring Data Elasticsearch - Could not safely identify store assignment for repository candidate interface com.c2c.model.UserInterface; If you want this repository to be a Elasticsearch repository, consider annotating your entities with one of these annotations: org.springframework.data.elasticsearch.annotations.Document (preferred), or consider extending one of the following types with your repository: org.springframework.data.elasticsearch.repository.ElasticsearchRepository, org.springframework.data.elasticsearch.repository.ElasticsearchRepository
2023-10-31 11:07:43.794  INFO 14928 --- [           main] .s.d.r.c.RepositoryConfigurationDelegate : Finished Spring Data repository scanning in 20 ms. Found 0 Elasticsearch repository interfaces.
2023-10-31 11:07:43.798  INFO 14928 --- [           main] .s.d.r.c.RepositoryConfigurationDelegate : Multiple Spring Data modules found, entering strict repository configuration mode
2023-10-31 11:07:43.798  INFO 14928 --- [           main] .s.d.r.c.RepositoryConfigurationDelegate : Bootstrapping Spring Data Reactive Elasticsearch repositories in DEFAULT mode.
2023-10-31 11:07:43.803  INFO 14928 --- [           main] .RepositoryConfigurationExtensionSupport : Spring Data Reactive Elasticsearch - Could not safely identify store assignment for repository candidate interface com.c2c.model.ProductInterface; If you want this repository to be a Reactive Elasticsearch repository, consider annotating your entities with one of these annotations: org.springframework.data.elasticsearch.annotations.Document (preferred), or consider extending one of the following types with your repository: org.springframework.data.elasticsearch.repository.ReactiveElasticsearchRepository
2023-10-31 11:07:43.803  INFO 14928 --- [           main] .RepositoryConfigurationExtensionSupport : Spring Data Reactive Elasticsearch - Could not safely identify store assignment for repository candidate interface com.c2c.model.UserInterface; If you want this repository to be a Reactive Elasticsearch repository, consider annotating your entities with one of these annotations: org.springframework.data.elasticsearch.annotations.Document (preferred), or consider extending one of the following types with your repository: org.springframework.data.elasticsearch.repository.ReactiveElasticsearchRepository
2023-10-31 11:07:43.803  INFO 14928 --- [           main] .s.d.r.c.RepositoryConfigurationDelegate : Finished Spring Data repository scanning in 5 ms. Found 0 Reactive Elasticsearch repository interfaces.
2023-10-31 11:07:43.819  INFO 14928 --- [           main] .s.d.r.c.RepositoryConfigurationDelegate : Multiple Spring Data modules found, entering strict repository configuration mode
2023-10-31 11:07:43.821  INFO 14928 --- [           main] .s.d.r.c.RepositoryConfigurationDelegate : Bootstrapping Spring Data JPA repositories in DEFAULT mode.
2023-10-31 11:07:43.848  INFO 14928 --- [           main] .s.d.r.c.RepositoryConfigurationDelegate : Finished Spring Data repository scanning in 21 ms. Found 2 JPA repository interfaces.
2023-10-31 11:07:44.387  INFO 14928 --- [           main] o.hibernate.jpa.internal.util.LogHelper  : HHH000204: Processing PersistenceUnitInfo [name: default]
2023-10-31 11:07:44.444  INFO 14928 --- [           main] org.hibernate.Version                    : HHH000412: Hibernate ORM core version 5.6.10.Final
2023-10-31 11:07:44.562  INFO 14928 --- [           main] o.hibernate.annotations.common.Version   : HCANN000001: Hibernate Commons Annotations {5.1.2.Final}
2023-10-31 11:07:44.702  INFO 14928 --- [           main] com.zaxxer.hikari.HikariDataSource       : HikariPool-1 - Starting...
2023-10-31 11:07:45.062  INFO 14928 --- [           main] com.zaxxer.hikari.HikariDataSource       : HikariPool-1 - Start completed.
2023-10-31 11:07:45.084  INFO 14928 --- [           main] org.hibernate.dialect.Dialect            : HHH000400: Using dialect: org.hibernate.dialect.MySQL8Dialect
2023-10-31 11:07:45.661  INFO 14928 --- [           main] o.h.e.t.j.p.i.JtaPlatformInitiator       : HHH000490: Using JtaPlatform implementation: [org.hibernate.engine.transaction.jta.platform.internal.NoJtaPlatform]
2023-10-31 11:07:45.669  INFO 14928 --- [           main] j.LocalContainerEntityManagerFactoryBean : Initialized JPA EntityManagerFactory for persistence unit 'default'
2023-10-31 11:07:46.647  WARN 14928 --- [           main] JpaBaseConfiguration$JpaWebConfiguration : spring.jpa.open-in-view is enabled by default. Therefore, database queries may be performed during view rendering. Explicitly configure spring.jpa.open-in-view to disable this warning
2023-10-31 11:07:47.115  WARN 14928 --- [           main] ion$DefaultTemplateResolverConfiguration : Cannot find template location: classpath:/templates/ (please add some templates or check your Thymeleaf configuration)
2023-10-31 11:07:47.392  INFO 14928 --- [           main] com.c2c.ElasticSearchQueryTest           : Started ElasticSearchQueryTest in 4.45 seconds (JVM running for 5.268)
]]></system-out>
  </testcase>
  <testcase name="testDeleteDocumentById" classname="com.c2c.ElasticSearchQueryTest" time="0.004">
    <error message="Connection refused: no further information" type="java.net.ConnectException">java.net.ConnectException: Connection refused: no further information
	at com.c2c.ElasticSearchQueryTest.testDeleteDocumentById(ElasticSearchQueryTest.java:63)
Caused by: java.net.ConnectException: Connection refused: no further information
</error>
  </testcase>
  <testcase name="testSearchAllDocuments" classname="com.c2c.ElasticSearchQueryTest" time="0.004">
    <error message="Connection refused: no further information" type="java.net.ConnectException">java.net.ConnectException: Connection refused: no further information
	at com.c2c.ElasticSearchQueryTest.testSearchAllDocuments(ElasticSearchQueryTest.java:71)
Caused by: java.net.ConnectException: Connection refused: no further information
</error>
  </testcase>
  <testcase name="testGetDocumentById" classname="com.c2c.ElasticSearchQueryTest" time="0.004">
    <error message="Connection refused: no further information" type="java.net.ConnectException">java.net.ConnectException: Connection refused: no further information
	at com.c2c.ElasticSearchQueryTest.testGetDocumentById(ElasticSearchQueryTest.java:46)
Caused by: java.net.ConnectException: Connection refused: no further information
</error>
  </testcase>
</testsuite>