-------------------------------------------------------------------------------
Test set: com.backend.MySQLServiceTest
-------------------------------------------------------------------------------
Tests run: 12, Failures: 0, Errors: 12, Skipped: 0, Time elapsed: 9.491 s <<< FAILURE! - in com.backend.MySQLServiceTest
testUpdateTag  Time elapsed: 0.003 s  <<< ERROR!
java.lang.IllegalStateException: Failed to load ApplicationContext for [WebMergedContextConfiguration@3b72860c testClass = com.backend.MySQLServiceTest, locations = [], classes = [com.backend.App], contextInitializerClasses = [], activeProfiles = ["test"], propertySourceLocations = [], propertySourceProperties = ["org.springframework.boot.test.context.SpringBootTestContextBootstrapper=true"], contextCustomizers = [[ImportsContextCustomizer@7f1b2f07 key = [org.springframework.boot.autoconfigure.jdbc.DataSourceAutoConfiguration, org.springframework.boot.test.autoconfigure.jdbc.TestDatabaseAutoConfiguration]], org.springframework.boot.test.context.filter.ExcludeFilterContextCustomizer@4b013c76, org.springframework.boot.test.json.DuplicateJsonObjectContextCustomizerFactory$DuplicateJsonObjectContextCustomizer@7bba5817, org.springframework.boot.test.mock.mockito.MockitoContextCustomizer@0, org.springframework.boot.test.web.client.TestRestTemplateContextCustomizer@48075da3, org.springframework.boot.test.autoconfigure.actuate.observability.ObservabilityContextCustomizerFactory$DisableObservabilityContextCustomizer@1f, org.springframework.boot.test.autoconfigure.properties.PropertyMappingContextCustomizer@4367c7ed, org.springframework.boot.test.autoconfigure.web.servlet.WebDriverContextCustomizer@451001e5, org.springframework.boot.test.context.SpringBootTestAnnotation@4d8219ff], resourceBasePath = "src/main/webapp", contextLoader = org.springframework.boot.test.context.SpringBootContextLoader, parent = null]
Caused by: org.springframework.beans.factory.UnsatisfiedDependencyException: Error creating bean with name 'elasticController': Unsatisfied dependency expressed through field 'productElasticService': Error creating bean with name 'productElasticServiceImplementation': Unsatisfied dependency expressed through field 'productElasticRepository': Error creating bean with name 'productElasticRepository' defined in com.backend.repository.ProductElasticRepository defined in @EnableElasticsearchRepositories declared on ElasticsearchRepositoriesRegistrar.EnableElasticsearchRepositoriesConfiguration: Failed to instantiate [org.springframework.data.elasticsearch.repository.support.SimpleElasticsearchRepository]: Constructor threw exception
Caused by: org.springframework.beans.factory.UnsatisfiedDependencyException: Error creating bean with name 'productElasticServiceImplementation': Unsatisfied dependency expressed through field 'productElasticRepository': Error creating bean with name 'productElasticRepository' defined in com.backend.repository.ProductElasticRepository defined in @EnableElasticsearchRepositories declared on ElasticsearchRepositoriesRegistrar.EnableElasticsearchRepositoriesConfiguration: Failed to instantiate [org.springframework.data.elasticsearch.repository.support.SimpleElasticsearchRepository]: Constructor threw exception
Caused by: org.springframework.beans.factory.BeanCreationException: Error creating bean with name 'productElasticRepository' defined in com.backend.repository.ProductElasticRepository defined in @EnableElasticsearchRepositories declared on ElasticsearchRepositoriesRegistrar.EnableElasticsearchRepositoriesConfiguration: Failed to instantiate [org.springframework.data.elasticsearch.repository.support.SimpleElasticsearchRepository]: Constructor threw exception
Caused by: org.springframework.beans.BeanInstantiationException: Failed to instantiate [org.springframework.data.elasticsearch.repository.support.SimpleElasticsearchRepository]: Constructor threw exception
Caused by: org.springframework.dao.DataAccessResourceFailureException: Connection is closed
Caused by: java.lang.RuntimeException: Connection is closed
Caused by: org.apache.http.ConnectionClosedException: Connection is closed
Caused by: org.apache.http.ConnectionClosedException: Connection is closed

testUpdateImage  Time elapsed: 0.001 s  <<< ERROR!
java.lang.IllegalStateException: Failed to load ApplicationContext for [WebMergedContextConfiguration@3b72860c testClass = com.backend.MySQLServiceTest, locations = [], classes = [com.backend.App], contextInitializerClasses = [], activeProfiles = ["test"], propertySourceLocations = [], propertySourceProperties = ["org.springframework.boot.test.context.SpringBootTestContextBootstrapper=true"], contextCustomizers = [[ImportsContextCustomizer@7f1b2f07 key = [org.springframework.boot.autoconfigure.jdbc.DataSourceAutoConfiguration, org.springframework.boot.test.autoconfigure.jdbc.TestDatabaseAutoConfiguration]], org.springframework.boot.test.context.filter.ExcludeFilterContextCustomizer@4b013c76, org.springframework.boot.test.json.DuplicateJsonObjectContextCustomizerFactory$DuplicateJsonObjectContextCustomizer@7bba5817, org.springframework.boot.test.mock.mockito.MockitoContextCustomizer@0, org.springframework.boot.test.web.client.TestRestTemplateContextCustomizer@48075da3, org.springframework.boot.test.autoconfigure.actuate.observability.ObservabilityContextCustomizerFactory$DisableObservabilityContextCustomizer@1f, org.springframework.boot.test.autoconfigure.properties.PropertyMappingContextCustomizer@4367c7ed, org.springframework.boot.test.autoconfigure.web.servlet.WebDriverContextCustomizer@451001e5, org.springframework.boot.test.context.SpringBootTestAnnotation@4d8219ff], resourceBasePath = "src/main/webapp", contextLoader = org.springframework.boot.test.context.SpringBootContextLoader, parent = null]
Caused by: org.springframework.beans.factory.UnsatisfiedDependencyException: Error creating bean with name 'elasticController': Unsatisfied dependency expressed through field 'productElasticService': Error creating bean with name 'productElasticServiceImplementation': Unsatisfied dependency expressed through field 'productElasticRepository': Error creating bean with name 'productElasticRepository' defined in com.backend.repository.ProductElasticRepository defined in @EnableElasticsearchRepositories declared on ElasticsearchRepositoriesRegistrar.EnableElasticsearchRepositoriesConfiguration: Failed to instantiate [org.springframework.data.elasticsearch.repository.support.SimpleElasticsearchRepository]: Constructor threw exception
Caused by: org.springframework.beans.factory.UnsatisfiedDependencyException: Error creating bean with name 'productElasticServiceImplementation': Unsatisfied dependency expressed through field 'productElasticRepository': Error creating bean with name 'productElasticRepository' defined in com.backend.repository.ProductElasticRepository defined in @EnableElasticsearchRepositories declared on ElasticsearchRepositoriesRegistrar.EnableElasticsearchRepositoriesConfiguration: Failed to instantiate [org.springframework.data.elasticsearch.repository.support.SimpleElasticsearchRepository]: Constructor threw exception
Caused by: org.springframework.beans.factory.BeanCreationException: Error creating bean with name 'productElasticRepository' defined in com.backend.repository.ProductElasticRepository defined in @EnableElasticsearchRepositories declared on ElasticsearchRepositoriesRegistrar.EnableElasticsearchRepositoriesConfiguration: Failed to instantiate [org.springframework.data.elasticsearch.repository.support.SimpleElasticsearchRepository]: Constructor threw exception
Caused by: org.springframework.beans.BeanInstantiationException: Failed to instantiate [org.springframework.data.elasticsearch.repository.support.SimpleElasticsearchRepository]: Constructor threw exception
Caused by: org.springframework.dao.DataAccessResourceFailureException: Connection is closed
Caused by: java.lang.RuntimeException: Connection is closed
Caused by: org.apache.http.ConnectionClosedException: Connection is closed
Caused by: org.apache.http.ConnectionClosedException: Connection is closed

testGetTagById  Time elapsed: 0.001 s  <<< ERROR!
java.lang.IllegalStateException: Failed to load ApplicationContext for [WebMergedContextConfiguration@3b72860c testClass = com.backend.MySQLServiceTest, locations = [], classes = [com.backend.App], contextInitializerClasses = [], activeProfiles = ["test"], propertySourceLocations = [], propertySourceProperties = ["org.springframework.boot.test.context.SpringBootTestContextBootstrapper=true"], contextCustomizers = [[ImportsContextCustomizer@7f1b2f07 key = [org.springframework.boot.autoconfigure.jdbc.DataSourceAutoConfiguration, org.springframework.boot.test.autoconfigure.jdbc.TestDatabaseAutoConfiguration]], org.springframework.boot.test.context.filter.ExcludeFilterContextCustomizer@4b013c76, org.springframework.boot.test.json.DuplicateJsonObjectContextCustomizerFactory$DuplicateJsonObjectContextCustomizer@7bba5817, org.springframework.boot.test.mock.mockito.MockitoContextCustomizer@0, org.springframework.boot.test.web.client.TestRestTemplateContextCustomizer@48075da3, org.springframework.boot.test.autoconfigure.actuate.observability.ObservabilityContextCustomizerFactory$DisableObservabilityContextCustomizer@1f, org.springframework.boot.test.autoconfigure.properties.PropertyMappingContextCustomizer@4367c7ed, org.springframework.boot.test.autoconfigure.web.servlet.WebDriverContextCustomizer@451001e5, org.springframework.boot.test.context.SpringBootTestAnnotation@4d8219ff], resourceBasePath = "src/main/webapp", contextLoader = org.springframework.boot.test.context.SpringBootContextLoader, parent = null]
Caused by: org.springframework.beans.factory.UnsatisfiedDependencyException: Error creating bean with name 'elasticController': Unsatisfied dependency expressed through field 'productElasticService': Error creating bean with name 'productElasticServiceImplementation': Unsatisfied dependency expressed through field 'productElasticRepository': Error creating bean with name 'productElasticRepository' defined in com.backend.repository.ProductElasticRepository defined in @EnableElasticsearchRepositories declared on ElasticsearchRepositoriesRegistrar.EnableElasticsearchRepositoriesConfiguration: Failed to instantiate [org.springframework.data.elasticsearch.repository.support.SimpleElasticsearchRepository]: Constructor threw exception
Caused by: org.springframework.beans.factory.UnsatisfiedDependencyException: Error creating bean with name 'productElasticServiceImplementation': Unsatisfied dependency expressed through field 'productElasticRepository': Error creating bean with name 'productElasticRepository' defined in com.backend.repository.ProductElasticRepository defined in @EnableElasticsearchRepositories declared on ElasticsearchRepositoriesRegistrar.EnableElasticsearchRepositoriesConfiguration: Failed to instantiate [org.springframework.data.elasticsearch.repository.support.SimpleElasticsearchRepository]: Constructor threw exception
Caused by: org.springframework.beans.factory.BeanCreationException: Error creating bean with name 'productElasticRepository' defined in com.backend.repository.ProductElasticRepository defined in @EnableElasticsearchRepositories declared on ElasticsearchRepositoriesRegistrar.EnableElasticsearchRepositoriesConfiguration: Failed to instantiate [org.springframework.data.elasticsearch.repository.support.SimpleElasticsearchRepository]: Constructor threw exception
Caused by: org.springframework.beans.BeanInstantiationException: Failed to instantiate [org.springframework.data.elasticsearch.repository.support.SimpleElasticsearchRepository]: Constructor threw exception
Caused by: org.springframework.dao.DataAccessResourceFailureException: Connection is closed
Caused by: java.lang.RuntimeException: Connection is closed
Caused by: org.apache.http.ConnectionClosedException: Connection is closed
Caused by: org.apache.http.ConnectionClosedException: Connection is closed

testGetAllUsers  Time elapsed: 0 s  <<< ERROR!
java.lang.IllegalStateException: Failed to load ApplicationContext for [WebMergedContextConfiguration@3b72860c testClass = com.backend.MySQLServiceTest, locations = [], classes = [com.backend.App], contextInitializerClasses = [], activeProfiles = ["test"], propertySourceLocations = [], propertySourceProperties = ["org.springframework.boot.test.context.SpringBootTestContextBootstrapper=true"], contextCustomizers = [[ImportsContextCustomizer@7f1b2f07 key = [org.springframework.boot.autoconfigure.jdbc.DataSourceAutoConfiguration, org.springframework.boot.test.autoconfigure.jdbc.TestDatabaseAutoConfiguration]], org.springframework.boot.test.context.filter.ExcludeFilterContextCustomizer@4b013c76, org.springframework.boot.test.json.DuplicateJsonObjectContextCustomizerFactory$DuplicateJsonObjectContextCustomizer@7bba5817, org.springframework.boot.test.mock.mockito.MockitoContextCustomizer@0, org.springframework.boot.test.web.client.TestRestTemplateContextCustomizer@48075da3, org.springframework.boot.test.autoconfigure.actuate.observability.ObservabilityContextCustomizerFactory$DisableObservabilityContextCustomizer@1f, org.springframework.boot.test.autoconfigure.properties.PropertyMappingContextCustomizer@4367c7ed, org.springframework.boot.test.autoconfigure.web.servlet.WebDriverContextCustomizer@451001e5, org.springframework.boot.test.context.SpringBootTestAnnotation@4d8219ff], resourceBasePath = "src/main/webapp", contextLoader = org.springframework.boot.test.context.SpringBootContextLoader, parent = null]
Caused by: org.springframework.beans.factory.UnsatisfiedDependencyException: Error creating bean with name 'elasticController': Unsatisfied dependency expressed through field 'productElasticService': Error creating bean with name 'productElasticServiceImplementation': Unsatisfied dependency expressed through field 'productElasticRepository': Error creating bean with name 'productElasticRepository' defined in com.backend.repository.ProductElasticRepository defined in @EnableElasticsearchRepositories declared on ElasticsearchRepositoriesRegistrar.EnableElasticsearchRepositoriesConfiguration: Failed to instantiate [org.springframework.data.elasticsearch.repository.support.SimpleElasticsearchRepository]: Constructor threw exception
Caused by: org.springframework.beans.factory.UnsatisfiedDependencyException: Error creating bean with name 'productElasticServiceImplementation': Unsatisfied dependency expressed through field 'productElasticRepository': Error creating bean with name 'productElasticRepository' defined in com.backend.repository.ProductElasticRepository defined in @EnableElasticsearchRepositories declared on ElasticsearchRepositoriesRegistrar.EnableElasticsearchRepositoriesConfiguration: Failed to instantiate [org.springframework.data.elasticsearch.repository.support.SimpleElasticsearchRepository]: Constructor threw exception
Caused by: org.springframework.beans.factory.BeanCreationException: Error creating bean with name 'productElasticRepository' defined in com.backend.repository.ProductElasticRepository defined in @EnableElasticsearchRepositories declared on ElasticsearchRepositoriesRegistrar.EnableElasticsearchRepositoriesConfiguration: Failed to instantiate [org.springframework.data.elasticsearch.repository.support.SimpleElasticsearchRepository]: Constructor threw exception
Caused by: org.springframework.beans.BeanInstantiationException: Failed to instantiate [org.springframework.data.elasticsearch.repository.support.SimpleElasticsearchRepository]: Constructor threw exception
Caused by: org.springframework.dao.DataAccessResourceFailureException: Connection is closed
Caused by: java.lang.RuntimeException: Connection is closed
Caused by: org.apache.http.ConnectionClosedException: Connection is closed
Caused by: org.apache.http.ConnectionClosedException: Connection is closed

testUpdateUser  Time elapsed: 0 s  <<< ERROR!
java.lang.IllegalStateException: Failed to load ApplicationContext for [WebMergedContextConfiguration@3b72860c testClass = com.backend.MySQLServiceTest, locations = [], classes = [com.backend.App], contextInitializerClasses = [], activeProfiles = ["test"], propertySourceLocations = [], propertySourceProperties = ["org.springframework.boot.test.context.SpringBootTestContextBootstrapper=true"], contextCustomizers = [[ImportsContextCustomizer@7f1b2f07 key = [org.springframework.boot.autoconfigure.jdbc.DataSourceAutoConfiguration, org.springframework.boot.test.autoconfigure.jdbc.TestDatabaseAutoConfiguration]], org.springframework.boot.test.context.filter.ExcludeFilterContextCustomizer@4b013c76, org.springframework.boot.test.json.DuplicateJsonObjectContextCustomizerFactory$DuplicateJsonObjectContextCustomizer@7bba5817, org.springframework.boot.test.mock.mockito.MockitoContextCustomizer@0, org.springframework.boot.test.web.client.TestRestTemplateContextCustomizer@48075da3, org.springframework.boot.test.autoconfigure.actuate.observability.ObservabilityContextCustomizerFactory$DisableObservabilityContextCustomizer@1f, org.springframework.boot.test.autoconfigure.properties.PropertyMappingContextCustomizer@4367c7ed, org.springframework.boot.test.autoconfigure.web.servlet.WebDriverContextCustomizer@451001e5, org.springframework.boot.test.context.SpringBootTestAnnotation@4d8219ff], resourceBasePath = "src/main/webapp", contextLoader = org.springframework.boot.test.context.SpringBootContextLoader, parent = null]
Caused by: org.springframework.beans.factory.UnsatisfiedDependencyException: Error creating bean with name 'elasticController': Unsatisfied dependency expressed through field 'productElasticService': Error creating bean with name 'productElasticServiceImplementation': Unsatisfied dependency expressed through field 'productElasticRepository': Error creating bean with name 'productElasticRepository' defined in com.backend.repository.ProductElasticRepository defined in @EnableElasticsearchRepositories declared on ElasticsearchRepositoriesRegistrar.EnableElasticsearchRepositoriesConfiguration: Failed to instantiate [org.springframework.data.elasticsearch.repository.support.SimpleElasticsearchRepository]: Constructor threw exception
Caused by: org.springframework.beans.factory.UnsatisfiedDependencyException: Error creating bean with name 'productElasticServiceImplementation': Unsatisfied dependency expressed through field 'productElasticRepository': Error creating bean with name 'productElasticRepository' defined in com.backend.repository.ProductElasticRepository defined in @EnableElasticsearchRepositories declared on ElasticsearchRepositoriesRegistrar.EnableElasticsearchRepositoriesConfiguration: Failed to instantiate [org.springframework.data.elasticsearch.repository.support.SimpleElasticsearchRepository]: Constructor threw exception
Caused by: org.springframework.beans.factory.BeanCreationException: Error creating bean with name 'productElasticRepository' defined in com.backend.repository.ProductElasticRepository defined in @EnableElasticsearchRepositories declared on ElasticsearchRepositoriesRegistrar.EnableElasticsearchRepositoriesConfiguration: Failed to instantiate [org.springframework.data.elasticsearch.repository.support.SimpleElasticsearchRepository]: Constructor threw exception
Caused by: org.springframework.beans.BeanInstantiationException: Failed to instantiate [org.springframework.data.elasticsearch.repository.support.SimpleElasticsearchRepository]: Constructor threw exception
Caused by: org.springframework.dao.DataAccessResourceFailureException: Connection is closed
Caused by: java.lang.RuntimeException: Connection is closed
Caused by: org.apache.http.ConnectionClosedException: Connection is closed
Caused by: org.apache.http.ConnectionClosedException: Connection is closed

testGetAllTags  Time elapsed: 0.001 s  <<< ERROR!
java.lang.IllegalStateException: Failed to load ApplicationContext for [WebMergedContextConfiguration@3b72860c testClass = com.backend.MySQLServiceTest, locations = [], classes = [com.backend.App], contextInitializerClasses = [], activeProfiles = ["test"], propertySourceLocations = [], propertySourceProperties = ["org.springframework.boot.test.context.SpringBootTestContextBootstrapper=true"], contextCustomizers = [[ImportsContextCustomizer@7f1b2f07 key = [org.springframework.boot.autoconfigure.jdbc.DataSourceAutoConfiguration, org.springframework.boot.test.autoconfigure.jdbc.TestDatabaseAutoConfiguration]], org.springframework.boot.test.context.filter.ExcludeFilterContextCustomizer@4b013c76, org.springframework.boot.test.json.DuplicateJsonObjectContextCustomizerFactory$DuplicateJsonObjectContextCustomizer@7bba5817, org.springframework.boot.test.mock.mockito.MockitoContextCustomizer@0, org.springframework.boot.test.web.client.TestRestTemplateContextCustomizer@48075da3, org.springframework.boot.test.autoconfigure.actuate.observability.ObservabilityContextCustomizerFactory$DisableObservabilityContextCustomizer@1f, org.springframework.boot.test.autoconfigure.properties.PropertyMappingContextCustomizer@4367c7ed, org.springframework.boot.test.autoconfigure.web.servlet.WebDriverContextCustomizer@451001e5, org.springframework.boot.test.context.SpringBootTestAnnotation@4d8219ff], resourceBasePath = "src/main/webapp", contextLoader = org.springframework.boot.test.context.SpringBootContextLoader, parent = null]
Caused by: org.springframework.beans.factory.UnsatisfiedDependencyException: Error creating bean with name 'elasticController': Unsatisfied dependency expressed through field 'productElasticService': Error creating bean with name 'productElasticServiceImplementation': Unsatisfied dependency expressed through field 'productElasticRepository': Error creating bean with name 'productElasticRepository' defined in com.backend.repository.ProductElasticRepository defined in @EnableElasticsearchRepositories declared on ElasticsearchRepositoriesRegistrar.EnableElasticsearchRepositoriesConfiguration: Failed to instantiate [org.springframework.data.elasticsearch.repository.support.SimpleElasticsearchRepository]: Constructor threw exception
Caused by: org.springframework.beans.factory.UnsatisfiedDependencyException: Error creating bean with name 'productElasticServiceImplementation': Unsatisfied dependency expressed through field 'productElasticRepository': Error creating bean with name 'productElasticRepository' defined in com.backend.repository.ProductElasticRepository defined in @EnableElasticsearchRepositories declared on ElasticsearchRepositoriesRegistrar.EnableElasticsearchRepositoriesConfiguration: Failed to instantiate [org.springframework.data.elasticsearch.repository.support.SimpleElasticsearchRepository]: Constructor threw exception
Caused by: org.springframework.beans.factory.BeanCreationException: Error creating bean with name 'productElasticRepository' defined in com.backend.repository.ProductElasticRepository defined in @EnableElasticsearchRepositories declared on ElasticsearchRepositoriesRegistrar.EnableElasticsearchRepositoriesConfiguration: Failed to instantiate [org.springframework.data.elasticsearch.repository.support.SimpleElasticsearchRepository]: Constructor threw exception
Caused by: org.springframework.beans.BeanInstantiationException: Failed to instantiate [org.springframework.data.elasticsearch.repository.support.SimpleElasticsearchRepository]: Constructor threw exception
Caused by: org.springframework.dao.DataAccessResourceFailureException: Connection is closed
Caused by: java.lang.RuntimeException: Connection is closed
Caused by: org.apache.http.ConnectionClosedException: Connection is closed
Caused by: org.apache.http.ConnectionClosedException: Connection is closed

testUpdateProduct  Time elapsed: 0 s  <<< ERROR!
java.lang.IllegalStateException: Failed to load ApplicationContext for [WebMergedContextConfiguration@3b72860c testClass = com.backend.MySQLServiceTest, locations = [], classes = [com.backend.App], contextInitializerClasses = [], activeProfiles = ["test"], propertySourceLocations = [], propertySourceProperties = ["org.springframework.boot.test.context.SpringBootTestContextBootstrapper=true"], contextCustomizers = [[ImportsContextCustomizer@7f1b2f07 key = [org.springframework.boot.autoconfigure.jdbc.DataSourceAutoConfiguration, org.springframework.boot.test.autoconfigure.jdbc.TestDatabaseAutoConfiguration]], org.springframework.boot.test.context.filter.ExcludeFilterContextCustomizer@4b013c76, org.springframework.boot.test.json.DuplicateJsonObjectContextCustomizerFactory$DuplicateJsonObjectContextCustomizer@7bba5817, org.springframework.boot.test.mock.mockito.MockitoContextCustomizer@0, org.springframework.boot.test.web.client.TestRestTemplateContextCustomizer@48075da3, org.springframework.boot.test.autoconfigure.actuate.observability.ObservabilityContextCustomizerFactory$DisableObservabilityContextCustomizer@1f, org.springframework.boot.test.autoconfigure.properties.PropertyMappingContextCustomizer@4367c7ed, org.springframework.boot.test.autoconfigure.web.servlet.WebDriverContextCustomizer@451001e5, org.springframework.boot.test.context.SpringBootTestAnnotation@4d8219ff], resourceBasePath = "src/main/webapp", contextLoader = org.springframework.boot.test.context.SpringBootContextLoader, parent = null]
Caused by: org.springframework.beans.factory.UnsatisfiedDependencyException: Error creating bean with name 'elasticController': Unsatisfied dependency expressed through field 'productElasticService': Error creating bean with name 'productElasticServiceImplementation': Unsatisfied dependency expressed through field 'productElasticRepository': Error creating bean with name 'productElasticRepository' defined in com.backend.repository.ProductElasticRepository defined in @EnableElasticsearchRepositories declared on ElasticsearchRepositoriesRegistrar.EnableElasticsearchRepositoriesConfiguration: Failed to instantiate [org.springframework.data.elasticsearch.repository.support.SimpleElasticsearchRepository]: Constructor threw exception
Caused by: org.springframework.beans.factory.UnsatisfiedDependencyException: Error creating bean with name 'productElasticServiceImplementation': Unsatisfied dependency expressed through field 'productElasticRepository': Error creating bean with name 'productElasticRepository' defined in com.backend.repository.ProductElasticRepository defined in @EnableElasticsearchRepositories declared on ElasticsearchRepositoriesRegistrar.EnableElasticsearchRepositoriesConfiguration: Failed to instantiate [org.springframework.data.elasticsearch.repository.support.SimpleElasticsearchRepository]: Constructor threw exception
Caused by: org.springframework.beans.factory.BeanCreationException: Error creating bean with name 'productElasticRepository' defined in com.backend.repository.ProductElasticRepository defined in @EnableElasticsearchRepositories declared on ElasticsearchRepositoriesRegistrar.EnableElasticsearchRepositoriesConfiguration: Failed to instantiate [org.springframework.data.elasticsearch.repository.support.SimpleElasticsearchRepository]: Constructor threw exception
Caused by: org.springframework.beans.BeanInstantiationException: Failed to instantiate [org.springframework.data.elasticsearch.repository.support.SimpleElasticsearchRepository]: Constructor threw exception
Caused by: org.springframework.dao.DataAccessResourceFailureException: Connection is closed
Caused by: java.lang.RuntimeException: Connection is closed
Caused by: org.apache.http.ConnectionClosedException: Connection is closed
Caused by: org.apache.http.ConnectionClosedException: Connection is closed

testGetImageById  Time elapsed: 0 s  <<< ERROR!
java.lang.IllegalStateException: Failed to load ApplicationContext for [WebMergedContextConfiguration@3b72860c testClass = com.backend.MySQLServiceTest, locations = [], classes = [com.backend.App], contextInitializerClasses = [], activeProfiles = ["test"], propertySourceLocations = [], propertySourceProperties = ["org.springframework.boot.test.context.SpringBootTestContextBootstrapper=true"], contextCustomizers = [[ImportsContextCustomizer@7f1b2f07 key = [org.springframework.boot.autoconfigure.jdbc.DataSourceAutoConfiguration, org.springframework.boot.test.autoconfigure.jdbc.TestDatabaseAutoConfiguration]], org.springframework.boot.test.context.filter.ExcludeFilterContextCustomizer@4b013c76, org.springframework.boot.test.json.DuplicateJsonObjectContextCustomizerFactory$DuplicateJsonObjectContextCustomizer@7bba5817, org.springframework.boot.test.mock.mockito.MockitoContextCustomizer@0, org.springframework.boot.test.web.client.TestRestTemplateContextCustomizer@48075da3, org.springframework.boot.test.autoconfigure.actuate.observability.ObservabilityContextCustomizerFactory$DisableObservabilityContextCustomizer@1f, org.springframework.boot.test.autoconfigure.properties.PropertyMappingContextCustomizer@4367c7ed, org.springframework.boot.test.autoconfigure.web.servlet.WebDriverContextCustomizer@451001e5, org.springframework.boot.test.context.SpringBootTestAnnotation@4d8219ff], resourceBasePath = "src/main/webapp", contextLoader = org.springframework.boot.test.context.SpringBootContextLoader, parent = null]
Caused by: org.springframework.beans.factory.UnsatisfiedDependencyException: Error creating bean with name 'elasticController': Unsatisfied dependency expressed through field 'productElasticService': Error creating bean with name 'productElasticServiceImplementation': Unsatisfied dependency expressed through field 'productElasticRepository': Error creating bean with name 'productElasticRepository' defined in com.backend.repository.ProductElasticRepository defined in @EnableElasticsearchRepositories declared on ElasticsearchRepositoriesRegistrar.EnableElasticsearchRepositoriesConfiguration: Failed to instantiate [org.springframework.data.elasticsearch.repository.support.SimpleElasticsearchRepository]: Constructor threw exception
Caused by: org.springframework.beans.factory.UnsatisfiedDependencyException: Error creating bean with name 'productElasticServiceImplementation': Unsatisfied dependency expressed through field 'productElasticRepository': Error creating bean with name 'productElasticRepository' defined in com.backend.repository.ProductElasticRepository defined in @EnableElasticsearchRepositories declared on ElasticsearchRepositoriesRegistrar.EnableElasticsearchRepositoriesConfiguration: Failed to instantiate [org.springframework.data.elasticsearch.repository.support.SimpleElasticsearchRepository]: Constructor threw exception
Caused by: org.springframework.beans.factory.BeanCreationException: Error creating bean with name 'productElasticRepository' defined in com.backend.repository.ProductElasticRepository defined in @EnableElasticsearchRepositories declared on ElasticsearchRepositoriesRegistrar.EnableElasticsearchRepositoriesConfiguration: Failed to instantiate [org.springframework.data.elasticsearch.repository.support.SimpleElasticsearchRepository]: Constructor threw exception
Caused by: org.springframework.beans.BeanInstantiationException: Failed to instantiate [org.springframework.data.elasticsearch.repository.support.SimpleElasticsearchRepository]: Constructor threw exception
Caused by: org.springframework.dao.DataAccessResourceFailureException: Connection is closed
Caused by: java.lang.RuntimeException: Connection is closed
Caused by: org.apache.http.ConnectionClosedException: Connection is closed
Caused by: org.apache.http.ConnectionClosedException: Connection is closed

testGetAllImages  Time elapsed: 0.001 s  <<< ERROR!
java.lang.IllegalStateException: Failed to load ApplicationContext for [WebMergedContextConfiguration@3b72860c testClass = com.backend.MySQLServiceTest, locations = [], classes = [com.backend.App], contextInitializerClasses = [], activeProfiles = ["test"], propertySourceLocations = [], propertySourceProperties = ["org.springframework.boot.test.context.SpringBootTestContextBootstrapper=true"], contextCustomizers = [[ImportsContextCustomizer@7f1b2f07 key = [org.springframework.boot.autoconfigure.jdbc.DataSourceAutoConfiguration, org.springframework.boot.test.autoconfigure.jdbc.TestDatabaseAutoConfiguration]], org.springframework.boot.test.context.filter.ExcludeFilterContextCustomizer@4b013c76, org.springframework.boot.test.json.DuplicateJsonObjectContextCustomizerFactory$DuplicateJsonObjectContextCustomizer@7bba5817, org.springframework.boot.test.mock.mockito.MockitoContextCustomizer@0, org.springframework.boot.test.web.client.TestRestTemplateContextCustomizer@48075da3, org.springframework.boot.test.autoconfigure.actuate.observability.ObservabilityContextCustomizerFactory$DisableObservabilityContextCustomizer@1f, org.springframework.boot.test.autoconfigure.properties.PropertyMappingContextCustomizer@4367c7ed, org.springframework.boot.test.autoconfigure.web.servlet.WebDriverContextCustomizer@451001e5, org.springframework.boot.test.context.SpringBootTestAnnotation@4d8219ff], resourceBasePath = "src/main/webapp", contextLoader = org.springframework.boot.test.context.SpringBootContextLoader, parent = null]
Caused by: org.springframework.beans.factory.UnsatisfiedDependencyException: Error creating bean with name 'elasticController': Unsatisfied dependency expressed through field 'productElasticService': Error creating bean with name 'productElasticServiceImplementation': Unsatisfied dependency expressed through field 'productElasticRepository': Error creating bean with name 'productElasticRepository' defined in com.backend.repository.ProductElasticRepository defined in @EnableElasticsearchRepositories declared on ElasticsearchRepositoriesRegistrar.EnableElasticsearchRepositoriesConfiguration: Failed to instantiate [org.springframework.data.elasticsearch.repository.support.SimpleElasticsearchRepository]: Constructor threw exception
Caused by: org.springframework.beans.factory.UnsatisfiedDependencyException: Error creating bean with name 'productElasticServiceImplementation': Unsatisfied dependency expressed through field 'productElasticRepository': Error creating bean with name 'productElasticRepository' defined in com.backend.repository.ProductElasticRepository defined in @EnableElasticsearchRepositories declared on ElasticsearchRepositoriesRegistrar.EnableElasticsearchRepositoriesConfiguration: Failed to instantiate [org.springframework.data.elasticsearch.repository.support.SimpleElasticsearchRepository]: Constructor threw exception
Caused by: org.springframework.beans.factory.BeanCreationException: Error creating bean with name 'productElasticRepository' defined in com.backend.repository.ProductElasticRepository defined in @EnableElasticsearchRepositories declared on ElasticsearchRepositoriesRegistrar.EnableElasticsearchRepositoriesConfiguration: Failed to instantiate [org.springframework.data.elasticsearch.repository.support.SimpleElasticsearchRepository]: Constructor threw exception
Caused by: org.springframework.beans.BeanInstantiationException: Failed to instantiate [org.springframework.data.elasticsearch.repository.support.SimpleElasticsearchRepository]: Constructor threw exception
Caused by: org.springframework.dao.DataAccessResourceFailureException: Connection is closed
Caused by: java.lang.RuntimeException: Connection is closed
Caused by: org.apache.http.ConnectionClosedException: Connection is closed
Caused by: org.apache.http.ConnectionClosedException: Connection is closed

testGetProductById  Time elapsed: 0 s  <<< ERROR!
java.lang.IllegalStateException: Failed to load ApplicationContext for [WebMergedContextConfiguration@3b72860c testClass = com.backend.MySQLServiceTest, locations = [], classes = [com.backend.App], contextInitializerClasses = [], activeProfiles = ["test"], propertySourceLocations = [], propertySourceProperties = ["org.springframework.boot.test.context.SpringBootTestContextBootstrapper=true"], contextCustomizers = [[ImportsContextCustomizer@7f1b2f07 key = [org.springframework.boot.autoconfigure.jdbc.DataSourceAutoConfiguration, org.springframework.boot.test.autoconfigure.jdbc.TestDatabaseAutoConfiguration]], org.springframework.boot.test.context.filter.ExcludeFilterContextCustomizer@4b013c76, org.springframework.boot.test.json.DuplicateJsonObjectContextCustomizerFactory$DuplicateJsonObjectContextCustomizer@7bba5817, org.springframework.boot.test.mock.mockito.MockitoContextCustomizer@0, org.springframework.boot.test.web.client.TestRestTemplateContextCustomizer@48075da3, org.springframework.boot.test.autoconfigure.actuate.observability.ObservabilityContextCustomizerFactory$DisableObservabilityContextCustomizer@1f, org.springframework.boot.test.autoconfigure.properties.PropertyMappingContextCustomizer@4367c7ed, org.springframework.boot.test.autoconfigure.web.servlet.WebDriverContextCustomizer@451001e5, org.springframework.boot.test.context.SpringBootTestAnnotation@4d8219ff], resourceBasePath = "src/main/webapp", contextLoader = org.springframework.boot.test.context.SpringBootContextLoader, parent = null]
Caused by: org.springframework.beans.factory.UnsatisfiedDependencyException: Error creating bean with name 'elasticController': Unsatisfied dependency expressed through field 'productElasticService': Error creating bean with name 'productElasticServiceImplementation': Unsatisfied dependency expressed through field 'productElasticRepository': Error creating bean with name 'productElasticRepository' defined in com.backend.repository.ProductElasticRepository defined in @EnableElasticsearchRepositories declared on ElasticsearchRepositoriesRegistrar.EnableElasticsearchRepositoriesConfiguration: Failed to instantiate [org.springframework.data.elasticsearch.repository.support.SimpleElasticsearchRepository]: Constructor threw exception
Caused by: org.springframework.beans.factory.UnsatisfiedDependencyException: Error creating bean with name 'productElasticServiceImplementation': Unsatisfied dependency expressed through field 'productElasticRepository': Error creating bean with name 'productElasticRepository' defined in com.backend.repository.ProductElasticRepository defined in @EnableElasticsearchRepositories declared on ElasticsearchRepositoriesRegistrar.EnableElasticsearchRepositoriesConfiguration: Failed to instantiate [org.springframework.data.elasticsearch.repository.support.SimpleElasticsearchRepository]: Constructor threw exception
Caused by: org.springframework.beans.factory.BeanCreationException: Error creating bean with name 'productElasticRepository' defined in com.backend.repository.ProductElasticRepository defined in @EnableElasticsearchRepositories declared on ElasticsearchRepositoriesRegistrar.EnableElasticsearchRepositoriesConfiguration: Failed to instantiate [org.springframework.data.elasticsearch.repository.support.SimpleElasticsearchRepository]: Constructor threw exception
Caused by: org.springframework.beans.BeanInstantiationException: Failed to instantiate [org.springframework.data.elasticsearch.repository.support.SimpleElasticsearchRepository]: Constructor threw exception
Caused by: org.springframework.dao.DataAccessResourceFailureException: Connection is closed
Caused by: java.lang.RuntimeException: Connection is closed
Caused by: org.apache.http.ConnectionClosedException: Connection is closed
Caused by: org.apache.http.ConnectionClosedException: Connection is closed

testGetUserById  Time elapsed: 0 s  <<< ERROR!
java.lang.IllegalStateException: Failed to load ApplicationContext for [WebMergedContextConfiguration@3b72860c testClass = com.backend.MySQLServiceTest, locations = [], classes = [com.backend.App], contextInitializerClasses = [], activeProfiles = ["test"], propertySourceLocations = [], propertySourceProperties = ["org.springframework.boot.test.context.SpringBootTestContextBootstrapper=true"], contextCustomizers = [[ImportsContextCustomizer@7f1b2f07 key = [org.springframework.boot.autoconfigure.jdbc.DataSourceAutoConfiguration, org.springframework.boot.test.autoconfigure.jdbc.TestDatabaseAutoConfiguration]], org.springframework.boot.test.context.filter.ExcludeFilterContextCustomizer@4b013c76, org.springframework.boot.test.json.DuplicateJsonObjectContextCustomizerFactory$DuplicateJsonObjectContextCustomizer@7bba5817, org.springframework.boot.test.mock.mockito.MockitoContextCustomizer@0, org.springframework.boot.test.web.client.TestRestTemplateContextCustomizer@48075da3, org.springframework.boot.test.autoconfigure.actuate.observability.ObservabilityContextCustomizerFactory$DisableObservabilityContextCustomizer@1f, org.springframework.boot.test.autoconfigure.properties.PropertyMappingContextCustomizer@4367c7ed, org.springframework.boot.test.autoconfigure.web.servlet.WebDriverContextCustomizer@451001e5, org.springframework.boot.test.context.SpringBootTestAnnotation@4d8219ff], resourceBasePath = "src/main/webapp", contextLoader = org.springframework.boot.test.context.SpringBootContextLoader, parent = null]
Caused by: org.springframework.beans.factory.UnsatisfiedDependencyException: Error creating bean with name 'elasticController': Unsatisfied dependency expressed through field 'productElasticService': Error creating bean with name 'productElasticServiceImplementation': Unsatisfied dependency expressed through field 'productElasticRepository': Error creating bean with name 'productElasticRepository' defined in com.backend.repository.ProductElasticRepository defined in @EnableElasticsearchRepositories declared on ElasticsearchRepositoriesRegistrar.EnableElasticsearchRepositoriesConfiguration: Failed to instantiate [org.springframework.data.elasticsearch.repository.support.SimpleElasticsearchRepository]: Constructor threw exception
Caused by: org.springframework.beans.factory.UnsatisfiedDependencyException: Error creating bean with name 'productElasticServiceImplementation': Unsatisfied dependency expressed through field 'productElasticRepository': Error creating bean with name 'productElasticRepository' defined in com.backend.repository.ProductElasticRepository defined in @EnableElasticsearchRepositories declared on ElasticsearchRepositoriesRegistrar.EnableElasticsearchRepositoriesConfiguration: Failed to instantiate [org.springframework.data.elasticsearch.repository.support.SimpleElasticsearchRepository]: Constructor threw exception
Caused by: org.springframework.beans.factory.BeanCreationException: Error creating bean with name 'productElasticRepository' defined in com.backend.repository.ProductElasticRepository defined in @EnableElasticsearchRepositories declared on ElasticsearchRepositoriesRegistrar.EnableElasticsearchRepositoriesConfiguration: Failed to instantiate [org.springframework.data.elasticsearch.repository.support.SimpleElasticsearchRepository]: Constructor threw exception
Caused by: org.springframework.beans.BeanInstantiationException: Failed to instantiate [org.springframework.data.elasticsearch.repository.support.SimpleElasticsearchRepository]: Constructor threw exception
Caused by: org.springframework.dao.DataAccessResourceFailureException: Connection is closed
Caused by: java.lang.RuntimeException: Connection is closed
Caused by: org.apache.http.ConnectionClosedException: Connection is closed
Caused by: org.apache.http.ConnectionClosedException: Connection is closed

testGetAllProducts  Time elapsed: 0 s  <<< ERROR!
java.lang.IllegalStateException: Failed to load ApplicationContext for [WebMergedContextConfiguration@3b72860c testClass = com.backend.MySQLServiceTest, locations = [], classes = [com.backend.App], contextInitializerClasses = [], activeProfiles = ["test"], propertySourceLocations = [], propertySourceProperties = ["org.springframework.boot.test.context.SpringBootTestContextBootstrapper=true"], contextCustomizers = [[ImportsContextCustomizer@7f1b2f07 key = [org.springframework.boot.autoconfigure.jdbc.DataSourceAutoConfiguration, org.springframework.boot.test.autoconfigure.jdbc.TestDatabaseAutoConfiguration]], org.springframework.boot.test.context.filter.ExcludeFilterContextCustomizer@4b013c76, org.springframework.boot.test.json.DuplicateJsonObjectContextCustomizerFactory$DuplicateJsonObjectContextCustomizer@7bba5817, org.springframework.boot.test.mock.mockito.MockitoContextCustomizer@0, org.springframework.boot.test.web.client.TestRestTemplateContextCustomizer@48075da3, org.springframework.boot.test.autoconfigure.actuate.observability.ObservabilityContextCustomizerFactory$DisableObservabilityContextCustomizer@1f, org.springframework.boot.test.autoconfigure.properties.PropertyMappingContextCustomizer@4367c7ed, org.springframework.boot.test.autoconfigure.web.servlet.WebDriverContextCustomizer@451001e5, org.springframework.boot.test.context.SpringBootTestAnnotation@4d8219ff], resourceBasePath = "src/main/webapp", contextLoader = org.springframework.boot.test.context.SpringBootContextLoader, parent = null]
Caused by: org.springframework.beans.factory.UnsatisfiedDependencyException: Error creating bean with name 'elasticController': Unsatisfied dependency expressed through field 'productElasticService': Error creating bean with name 'productElasticServiceImplementation': Unsatisfied dependency expressed through field 'productElasticRepository': Error creating bean with name 'productElasticRepository' defined in com.backend.repository.ProductElasticRepository defined in @EnableElasticsearchRepositories declared on ElasticsearchRepositoriesRegistrar.EnableElasticsearchRepositoriesConfiguration: Failed to instantiate [org.springframework.data.elasticsearch.repository.support.SimpleElasticsearchRepository]: Constructor threw exception
Caused by: org.springframework.beans.factory.UnsatisfiedDependencyException: Error creating bean with name 'productElasticServiceImplementation': Unsatisfied dependency expressed through field 'productElasticRepository': Error creating bean with name 'productElasticRepository' defined in com.backend.repository.ProductElasticRepository defined in @EnableElasticsearchRepositories declared on ElasticsearchRepositoriesRegistrar.EnableElasticsearchRepositoriesConfiguration: Failed to instantiate [org.springframework.data.elasticsearch.repository.support.SimpleElasticsearchRepository]: Constructor threw exception
Caused by: org.springframework.beans.factory.BeanCreationException: Error creating bean with name 'productElasticRepository' defined in com.backend.repository.ProductElasticRepository defined in @EnableElasticsearchRepositories declared on ElasticsearchRepositoriesRegistrar.EnableElasticsearchRepositoriesConfiguration: Failed to instantiate [org.springframework.data.elasticsearch.repository.support.SimpleElasticsearchRepository]: Constructor threw exception
Caused by: org.springframework.beans.BeanInstantiationException: Failed to instantiate [org.springframework.data.elasticsearch.repository.support.SimpleElasticsearchRepository]: Constructor threw exception
Caused by: org.springframework.dao.DataAccessResourceFailureException: Connection is closed
Caused by: java.lang.RuntimeException: Connection is closed
Caused by: org.apache.http.ConnectionClosedException: Connection is closed
Caused by: org.apache.http.ConnectionClosedException: Connection is closed

