-------------------------------------------------------------------------------
Test set: com.backend.ProductElasticSearchServiceTest
-------------------------------------------------------------------------------
Tests run: 8, Failures: 0, Errors: 8, Skipped: 0, Time elapsed: 2.3 s <<< FAILURE! - in com.backend.ProductElasticSearchServiceTest
testGetProductElasticById  Time elapsed: 0 s  <<< ERROR!
java.lang.IllegalStateException: Failed to load ApplicationContext for [WebMergedContextConfiguration@411d3b5e testClass = com.backend.ProductElasticSearchServiceTest, locations = [], classes = [com.backend.App], contextInitializerClasses = [], activeProfiles = ["test"], propertySourceLocations = [], propertySourceProperties = ["org.springframework.boot.test.context.SpringBootTestContextBootstrapper=true"], contextCustomizers = [org.springframework.boot.test.context.filter.ExcludeFilterContextCustomizer@4b013c76, org.springframework.boot.test.json.DuplicateJsonObjectContextCustomizerFactory$DuplicateJsonObjectContextCustomizer@7bba5817, org.springframework.boot.test.mock.mockito.MockitoContextCustomizer@0, org.springframework.boot.test.web.client.TestRestTemplateContextCustomizer@48075da3, org.springframework.boot.test.autoconfigure.actuate.observability.ObservabilityContextCustomizerFactory$DisableObservabilityContextCustomizer@1f, org.springframework.boot.test.autoconfigure.properties.PropertyMappingContextCustomizer@0, org.springframework.boot.test.autoconfigure.web.servlet.WebDriverContextCustomizer@451001e5, org.springframework.boot.test.context.SpringBootTestAnnotation@4d8219ff], resourceBasePath = "src/main/webapp", contextLoader = org.springframework.boot.test.context.SpringBootContextLoader, parent = null]
Caused by: org.springframework.beans.factory.UnsatisfiedDependencyException: Error creating bean with name 'elasticController': Unsatisfied dependency expressed through field 'productElasticService': Error creating bean with name 'productElasticServiceImplementation': Unsatisfied dependency expressed through field 'productElasticRepository': Error creating bean with name 'productElasticRepository' defined in com.backend.repository.ProductElasticRepository defined in @EnableElasticsearchRepositories declared on ElasticsearchRepositoriesRegistrar.EnableElasticsearchRepositoriesConfiguration: Failed to instantiate [org.springframework.data.elasticsearch.repository.support.SimpleElasticsearchRepository]: Constructor threw exception
Caused by: org.springframework.beans.factory.UnsatisfiedDependencyException: Error creating bean with name 'productElasticServiceImplementation': Unsatisfied dependency expressed through field 'productElasticRepository': Error creating bean with name 'productElasticRepository' defined in com.backend.repository.ProductElasticRepository defined in @EnableElasticsearchRepositories declared on ElasticsearchRepositoriesRegistrar.EnableElasticsearchRepositoriesConfiguration: Failed to instantiate [org.springframework.data.elasticsearch.repository.support.SimpleElasticsearchRepository]: Constructor threw exception
Caused by: org.springframework.beans.factory.BeanCreationException: Error creating bean with name 'productElasticRepository' defined in com.backend.repository.ProductElasticRepository defined in @EnableElasticsearchRepositories declared on ElasticsearchRepositoriesRegistrar.EnableElasticsearchRepositoriesConfiguration: Failed to instantiate [org.springframework.data.elasticsearch.repository.support.SimpleElasticsearchRepository]: Constructor threw exception
Caused by: org.springframework.beans.BeanInstantiationException: Failed to instantiate [org.springframework.data.elasticsearch.repository.support.SimpleElasticsearchRepository]: Constructor threw exception
Caused by: org.springframework.dao.DataAccessResourceFailureException: Connection is closed
Caused by: java.lang.RuntimeException: Connection is closed
Caused by: org.apache.http.ConnectionClosedException: Connection is closed
Caused by: org.apache.http.ConnectionClosedException: Connection is closed

testUpdateProductElastic  Time elapsed: 0 s  <<< ERROR!
java.lang.IllegalStateException: Failed to load ApplicationContext for [WebMergedContextConfiguration@411d3b5e testClass = com.backend.ProductElasticSearchServiceTest, locations = [], classes = [com.backend.App], contextInitializerClasses = [], activeProfiles = ["test"], propertySourceLocations = [], propertySourceProperties = ["org.springframework.boot.test.context.SpringBootTestContextBootstrapper=true"], contextCustomizers = [org.springframework.boot.test.context.filter.ExcludeFilterContextCustomizer@4b013c76, org.springframework.boot.test.json.DuplicateJsonObjectContextCustomizerFactory$DuplicateJsonObjectContextCustomizer@7bba5817, org.springframework.boot.test.mock.mockito.MockitoContextCustomizer@0, org.springframework.boot.test.web.client.TestRestTemplateContextCustomizer@48075da3, org.springframework.boot.test.autoconfigure.actuate.observability.ObservabilityContextCustomizerFactory$DisableObservabilityContextCustomizer@1f, org.springframework.boot.test.autoconfigure.properties.PropertyMappingContextCustomizer@0, org.springframework.boot.test.autoconfigure.web.servlet.WebDriverContextCustomizer@451001e5, org.springframework.boot.test.context.SpringBootTestAnnotation@4d8219ff], resourceBasePath = "src/main/webapp", contextLoader = org.springframework.boot.test.context.SpringBootContextLoader, parent = null]
Caused by: org.springframework.beans.factory.UnsatisfiedDependencyException: Error creating bean with name 'elasticController': Unsatisfied dependency expressed through field 'productElasticService': Error creating bean with name 'productElasticServiceImplementation': Unsatisfied dependency expressed through field 'productElasticRepository': Error creating bean with name 'productElasticRepository' defined in com.backend.repository.ProductElasticRepository defined in @EnableElasticsearchRepositories declared on ElasticsearchRepositoriesRegistrar.EnableElasticsearchRepositoriesConfiguration: Failed to instantiate [org.springframework.data.elasticsearch.repository.support.SimpleElasticsearchRepository]: Constructor threw exception
Caused by: org.springframework.beans.factory.UnsatisfiedDependencyException: Error creating bean with name 'productElasticServiceImplementation': Unsatisfied dependency expressed through field 'productElasticRepository': Error creating bean with name 'productElasticRepository' defined in com.backend.repository.ProductElasticRepository defined in @EnableElasticsearchRepositories declared on ElasticsearchRepositoriesRegistrar.EnableElasticsearchRepositoriesConfiguration: Failed to instantiate [org.springframework.data.elasticsearch.repository.support.SimpleElasticsearchRepository]: Constructor threw exception
Caused by: org.springframework.beans.factory.BeanCreationException: Error creating bean with name 'productElasticRepository' defined in com.backend.repository.ProductElasticRepository defined in @EnableElasticsearchRepositories declared on ElasticsearchRepositoriesRegistrar.EnableElasticsearchRepositoriesConfiguration: Failed to instantiate [org.springframework.data.elasticsearch.repository.support.SimpleElasticsearchRepository]: Constructor threw exception
Caused by: org.springframework.beans.BeanInstantiationException: Failed to instantiate [org.springframework.data.elasticsearch.repository.support.SimpleElasticsearchRepository]: Constructor threw exception
Caused by: org.springframework.dao.DataAccessResourceFailureException: Connection is closed
Caused by: java.lang.RuntimeException: Connection is closed
Caused by: org.apache.http.ConnectionClosedException: Connection is closed
Caused by: org.apache.http.ConnectionClosedException: Connection is closed

testCreateProductElastic  Time elapsed: 0 s  <<< ERROR!
java.lang.IllegalStateException: Failed to load ApplicationContext for [WebMergedContextConfiguration@411d3b5e testClass = com.backend.ProductElasticSearchServiceTest, locations = [], classes = [com.backend.App], contextInitializerClasses = [], activeProfiles = ["test"], propertySourceLocations = [], propertySourceProperties = ["org.springframework.boot.test.context.SpringBootTestContextBootstrapper=true"], contextCustomizers = [org.springframework.boot.test.context.filter.ExcludeFilterContextCustomizer@4b013c76, org.springframework.boot.test.json.DuplicateJsonObjectContextCustomizerFactory$DuplicateJsonObjectContextCustomizer@7bba5817, org.springframework.boot.test.mock.mockito.MockitoContextCustomizer@0, org.springframework.boot.test.web.client.TestRestTemplateContextCustomizer@48075da3, org.springframework.boot.test.autoconfigure.actuate.observability.ObservabilityContextCustomizerFactory$DisableObservabilityContextCustomizer@1f, org.springframework.boot.test.autoconfigure.properties.PropertyMappingContextCustomizer@0, org.springframework.boot.test.autoconfigure.web.servlet.WebDriverContextCustomizer@451001e5, org.springframework.boot.test.context.SpringBootTestAnnotation@4d8219ff], resourceBasePath = "src/main/webapp", contextLoader = org.springframework.boot.test.context.SpringBootContextLoader, parent = null]
Caused by: org.springframework.beans.factory.UnsatisfiedDependencyException: Error creating bean with name 'elasticController': Unsatisfied dependency expressed through field 'productElasticService': Error creating bean with name 'productElasticServiceImplementation': Unsatisfied dependency expressed through field 'productElasticRepository': Error creating bean with name 'productElasticRepository' defined in com.backend.repository.ProductElasticRepository defined in @EnableElasticsearchRepositories declared on ElasticsearchRepositoriesRegistrar.EnableElasticsearchRepositoriesConfiguration: Failed to instantiate [org.springframework.data.elasticsearch.repository.support.SimpleElasticsearchRepository]: Constructor threw exception
Caused by: org.springframework.beans.factory.UnsatisfiedDependencyException: Error creating bean with name 'productElasticServiceImplementation': Unsatisfied dependency expressed through field 'productElasticRepository': Error creating bean with name 'productElasticRepository' defined in com.backend.repository.ProductElasticRepository defined in @EnableElasticsearchRepositories declared on ElasticsearchRepositoriesRegistrar.EnableElasticsearchRepositoriesConfiguration: Failed to instantiate [org.springframework.data.elasticsearch.repository.support.SimpleElasticsearchRepository]: Constructor threw exception
Caused by: org.springframework.beans.factory.BeanCreationException: Error creating bean with name 'productElasticRepository' defined in com.backend.repository.ProductElasticRepository defined in @EnableElasticsearchRepositories declared on ElasticsearchRepositoriesRegistrar.EnableElasticsearchRepositoriesConfiguration: Failed to instantiate [org.springframework.data.elasticsearch.repository.support.SimpleElasticsearchRepository]: Constructor threw exception
Caused by: org.springframework.beans.BeanInstantiationException: Failed to instantiate [org.springframework.data.elasticsearch.repository.support.SimpleElasticsearchRepository]: Constructor threw exception
Caused by: org.springframework.dao.DataAccessResourceFailureException: Connection is closed
Caused by: java.lang.RuntimeException: Connection is closed
Caused by: org.apache.http.ConnectionClosedException: Connection is closed
Caused by: org.apache.http.ConnectionClosedException: Connection is closed

testDeleteProductElastic  Time elapsed: 0 s  <<< ERROR!
java.lang.IllegalStateException: Failed to load ApplicationContext for [WebMergedContextConfiguration@411d3b5e testClass = com.backend.ProductElasticSearchServiceTest, locations = [], classes = [com.backend.App], contextInitializerClasses = [], activeProfiles = ["test"], propertySourceLocations = [], propertySourceProperties = ["org.springframework.boot.test.context.SpringBootTestContextBootstrapper=true"], contextCustomizers = [org.springframework.boot.test.context.filter.ExcludeFilterContextCustomizer@4b013c76, org.springframework.boot.test.json.DuplicateJsonObjectContextCustomizerFactory$DuplicateJsonObjectContextCustomizer@7bba5817, org.springframework.boot.test.mock.mockito.MockitoContextCustomizer@0, org.springframework.boot.test.web.client.TestRestTemplateContextCustomizer@48075da3, org.springframework.boot.test.autoconfigure.actuate.observability.ObservabilityContextCustomizerFactory$DisableObservabilityContextCustomizer@1f, org.springframework.boot.test.autoconfigure.properties.PropertyMappingContextCustomizer@0, org.springframework.boot.test.autoconfigure.web.servlet.WebDriverContextCustomizer@451001e5, org.springframework.boot.test.context.SpringBootTestAnnotation@4d8219ff], resourceBasePath = "src/main/webapp", contextLoader = org.springframework.boot.test.context.SpringBootContextLoader, parent = null]
Caused by: org.springframework.beans.factory.UnsatisfiedDependencyException: Error creating bean with name 'elasticController': Unsatisfied dependency expressed through field 'productElasticService': Error creating bean with name 'productElasticServiceImplementation': Unsatisfied dependency expressed through field 'productElasticRepository': Error creating bean with name 'productElasticRepository' defined in com.backend.repository.ProductElasticRepository defined in @EnableElasticsearchRepositories declared on ElasticsearchRepositoriesRegistrar.EnableElasticsearchRepositoriesConfiguration: Failed to instantiate [org.springframework.data.elasticsearch.repository.support.SimpleElasticsearchRepository]: Constructor threw exception
Caused by: org.springframework.beans.factory.UnsatisfiedDependencyException: Error creating bean with name 'productElasticServiceImplementation': Unsatisfied dependency expressed through field 'productElasticRepository': Error creating bean with name 'productElasticRepository' defined in com.backend.repository.ProductElasticRepository defined in @EnableElasticsearchRepositories declared on ElasticsearchRepositoriesRegistrar.EnableElasticsearchRepositoriesConfiguration: Failed to instantiate [org.springframework.data.elasticsearch.repository.support.SimpleElasticsearchRepository]: Constructor threw exception
Caused by: org.springframework.beans.factory.BeanCreationException: Error creating bean with name 'productElasticRepository' defined in com.backend.repository.ProductElasticRepository defined in @EnableElasticsearchRepositories declared on ElasticsearchRepositoriesRegistrar.EnableElasticsearchRepositoriesConfiguration: Failed to instantiate [org.springframework.data.elasticsearch.repository.support.SimpleElasticsearchRepository]: Constructor threw exception
Caused by: org.springframework.beans.BeanInstantiationException: Failed to instantiate [org.springframework.data.elasticsearch.repository.support.SimpleElasticsearchRepository]: Constructor threw exception
Caused by: org.springframework.dao.DataAccessResourceFailureException: Connection is closed
Caused by: java.lang.RuntimeException: Connection is closed
Caused by: org.apache.http.ConnectionClosedException: Connection is closed
Caused by: org.apache.http.ConnectionClosedException: Connection is closed

testCreateOrUpdateProductElastic  Time elapsed: 0 s  <<< ERROR!
java.lang.IllegalStateException: Failed to load ApplicationContext for [WebMergedContextConfiguration@411d3b5e testClass = com.backend.ProductElasticSearchServiceTest, locations = [], classes = [com.backend.App], contextInitializerClasses = [], activeProfiles = ["test"], propertySourceLocations = [], propertySourceProperties = ["org.springframework.boot.test.context.SpringBootTestContextBootstrapper=true"], contextCustomizers = [org.springframework.boot.test.context.filter.ExcludeFilterContextCustomizer@4b013c76, org.springframework.boot.test.json.DuplicateJsonObjectContextCustomizerFactory$DuplicateJsonObjectContextCustomizer@7bba5817, org.springframework.boot.test.mock.mockito.MockitoContextCustomizer@0, org.springframework.boot.test.web.client.TestRestTemplateContextCustomizer@48075da3, org.springframework.boot.test.autoconfigure.actuate.observability.ObservabilityContextCustomizerFactory$DisableObservabilityContextCustomizer@1f, org.springframework.boot.test.autoconfigure.properties.PropertyMappingContextCustomizer@0, org.springframework.boot.test.autoconfigure.web.servlet.WebDriverContextCustomizer@451001e5, org.springframework.boot.test.context.SpringBootTestAnnotation@4d8219ff], resourceBasePath = "src/main/webapp", contextLoader = org.springframework.boot.test.context.SpringBootContextLoader, parent = null]
Caused by: org.springframework.beans.factory.UnsatisfiedDependencyException: Error creating bean with name 'elasticController': Unsatisfied dependency expressed through field 'productElasticService': Error creating bean with name 'productElasticServiceImplementation': Unsatisfied dependency expressed through field 'productElasticRepository': Error creating bean with name 'productElasticRepository' defined in com.backend.repository.ProductElasticRepository defined in @EnableElasticsearchRepositories declared on ElasticsearchRepositoriesRegistrar.EnableElasticsearchRepositoriesConfiguration: Failed to instantiate [org.springframework.data.elasticsearch.repository.support.SimpleElasticsearchRepository]: Constructor threw exception
Caused by: org.springframework.beans.factory.UnsatisfiedDependencyException: Error creating bean with name 'productElasticServiceImplementation': Unsatisfied dependency expressed through field 'productElasticRepository': Error creating bean with name 'productElasticRepository' defined in com.backend.repository.ProductElasticRepository defined in @EnableElasticsearchRepositories declared on ElasticsearchRepositoriesRegistrar.EnableElasticsearchRepositoriesConfiguration: Failed to instantiate [org.springframework.data.elasticsearch.repository.support.SimpleElasticsearchRepository]: Constructor threw exception
Caused by: org.springframework.beans.factory.BeanCreationException: Error creating bean with name 'productElasticRepository' defined in com.backend.repository.ProductElasticRepository defined in @EnableElasticsearchRepositories declared on ElasticsearchRepositoriesRegistrar.EnableElasticsearchRepositoriesConfiguration: Failed to instantiate [org.springframework.data.elasticsearch.repository.support.SimpleElasticsearchRepository]: Constructor threw exception
Caused by: org.springframework.beans.BeanInstantiationException: Failed to instantiate [org.springframework.data.elasticsearch.repository.support.SimpleElasticsearchRepository]: Constructor threw exception
Caused by: org.springframework.dao.DataAccessResourceFailureException: Connection is closed
Caused by: java.lang.RuntimeException: Connection is closed
Caused by: org.apache.http.ConnectionClosedException: Connection is closed
Caused by: org.apache.http.ConnectionClosedException: Connection is closed

testGetAllProductsElastic  Time elapsed: 0 s  <<< ERROR!
java.lang.IllegalStateException: Failed to load ApplicationContext for [WebMergedContextConfiguration@411d3b5e testClass = com.backend.ProductElasticSearchServiceTest, locations = [], classes = [com.backend.App], contextInitializerClasses = [], activeProfiles = ["test"], propertySourceLocations = [], propertySourceProperties = ["org.springframework.boot.test.context.SpringBootTestContextBootstrapper=true"], contextCustomizers = [org.springframework.boot.test.context.filter.ExcludeFilterContextCustomizer@4b013c76, org.springframework.boot.test.json.DuplicateJsonObjectContextCustomizerFactory$DuplicateJsonObjectContextCustomizer@7bba5817, org.springframework.boot.test.mock.mockito.MockitoContextCustomizer@0, org.springframework.boot.test.web.client.TestRestTemplateContextCustomizer@48075da3, org.springframework.boot.test.autoconfigure.actuate.observability.ObservabilityContextCustomizerFactory$DisableObservabilityContextCustomizer@1f, org.springframework.boot.test.autoconfigure.properties.PropertyMappingContextCustomizer@0, org.springframework.boot.test.autoconfigure.web.servlet.WebDriverContextCustomizer@451001e5, org.springframework.boot.test.context.SpringBootTestAnnotation@4d8219ff], resourceBasePath = "src/main/webapp", contextLoader = org.springframework.boot.test.context.SpringBootContextLoader, parent = null]
Caused by: org.springframework.beans.factory.UnsatisfiedDependencyException: Error creating bean with name 'elasticController': Unsatisfied dependency expressed through field 'productElasticService': Error creating bean with name 'productElasticServiceImplementation': Unsatisfied dependency expressed through field 'productElasticRepository': Error creating bean with name 'productElasticRepository' defined in com.backend.repository.ProductElasticRepository defined in @EnableElasticsearchRepositories declared on ElasticsearchRepositoriesRegistrar.EnableElasticsearchRepositoriesConfiguration: Failed to instantiate [org.springframework.data.elasticsearch.repository.support.SimpleElasticsearchRepository]: Constructor threw exception
Caused by: org.springframework.beans.factory.UnsatisfiedDependencyException: Error creating bean with name 'productElasticServiceImplementation': Unsatisfied dependency expressed through field 'productElasticRepository': Error creating bean with name 'productElasticRepository' defined in com.backend.repository.ProductElasticRepository defined in @EnableElasticsearchRepositories declared on ElasticsearchRepositoriesRegistrar.EnableElasticsearchRepositoriesConfiguration: Failed to instantiate [org.springframework.data.elasticsearch.repository.support.SimpleElasticsearchRepository]: Constructor threw exception
Caused by: org.springframework.beans.factory.BeanCreationException: Error creating bean with name 'productElasticRepository' defined in com.backend.repository.ProductElasticRepository defined in @EnableElasticsearchRepositories declared on ElasticsearchRepositoriesRegistrar.EnableElasticsearchRepositoriesConfiguration: Failed to instantiate [org.springframework.data.elasticsearch.repository.support.SimpleElasticsearchRepository]: Constructor threw exception
Caused by: org.springframework.beans.BeanInstantiationException: Failed to instantiate [org.springframework.data.elasticsearch.repository.support.SimpleElasticsearchRepository]: Constructor threw exception
Caused by: org.springframework.dao.DataAccessResourceFailureException: Connection is closed
Caused by: java.lang.RuntimeException: Connection is closed
Caused by: org.apache.http.ConnectionClosedException: Connection is closed
Caused by: org.apache.http.ConnectionClosedException: Connection is closed

testGetProductsElasticByTags  Time elapsed: 0 s  <<< ERROR!
java.lang.IllegalStateException: Failed to load ApplicationContext for [WebMergedContextConfiguration@411d3b5e testClass = com.backend.ProductElasticSearchServiceTest, locations = [], classes = [com.backend.App], contextInitializerClasses = [], activeProfiles = ["test"], propertySourceLocations = [], propertySourceProperties = ["org.springframework.boot.test.context.SpringBootTestContextBootstrapper=true"], contextCustomizers = [org.springframework.boot.test.context.filter.ExcludeFilterContextCustomizer@4b013c76, org.springframework.boot.test.json.DuplicateJsonObjectContextCustomizerFactory$DuplicateJsonObjectContextCustomizer@7bba5817, org.springframework.boot.test.mock.mockito.MockitoContextCustomizer@0, org.springframework.boot.test.web.client.TestRestTemplateContextCustomizer@48075da3, org.springframework.boot.test.autoconfigure.actuate.observability.ObservabilityContextCustomizerFactory$DisableObservabilityContextCustomizer@1f, org.springframework.boot.test.autoconfigure.properties.PropertyMappingContextCustomizer@0, org.springframework.boot.test.autoconfigure.web.servlet.WebDriverContextCustomizer@451001e5, org.springframework.boot.test.context.SpringBootTestAnnotation@4d8219ff], resourceBasePath = "src/main/webapp", contextLoader = org.springframework.boot.test.context.SpringBootContextLoader, parent = null]
Caused by: org.springframework.beans.factory.UnsatisfiedDependencyException: Error creating bean with name 'elasticController': Unsatisfied dependency expressed through field 'productElasticService': Error creating bean with name 'productElasticServiceImplementation': Unsatisfied dependency expressed through field 'productElasticRepository': Error creating bean with name 'productElasticRepository' defined in com.backend.repository.ProductElasticRepository defined in @EnableElasticsearchRepositories declared on ElasticsearchRepositoriesRegistrar.EnableElasticsearchRepositoriesConfiguration: Failed to instantiate [org.springframework.data.elasticsearch.repository.support.SimpleElasticsearchRepository]: Constructor threw exception
Caused by: org.springframework.beans.factory.UnsatisfiedDependencyException: Error creating bean with name 'productElasticServiceImplementation': Unsatisfied dependency expressed through field 'productElasticRepository': Error creating bean with name 'productElasticRepository' defined in com.backend.repository.ProductElasticRepository defined in @EnableElasticsearchRepositories declared on ElasticsearchRepositoriesRegistrar.EnableElasticsearchRepositoriesConfiguration: Failed to instantiate [org.springframework.data.elasticsearch.repository.support.SimpleElasticsearchRepository]: Constructor threw exception
Caused by: org.springframework.beans.factory.BeanCreationException: Error creating bean with name 'productElasticRepository' defined in com.backend.repository.ProductElasticRepository defined in @EnableElasticsearchRepositories declared on ElasticsearchRepositoriesRegistrar.EnableElasticsearchRepositoriesConfiguration: Failed to instantiate [org.springframework.data.elasticsearch.repository.support.SimpleElasticsearchRepository]: Constructor threw exception
Caused by: org.springframework.beans.BeanInstantiationException: Failed to instantiate [org.springframework.data.elasticsearch.repository.support.SimpleElasticsearchRepository]: Constructor threw exception
Caused by: org.springframework.dao.DataAccessResourceFailureException: Connection is closed
Caused by: java.lang.RuntimeException: Connection is closed
Caused by: org.apache.http.ConnectionClosedException: Connection is closed
Caused by: org.apache.http.ConnectionClosedException: Connection is closed

testGetProductsElasticByUser  Time elapsed: 0 s  <<< ERROR!
java.lang.IllegalStateException: Failed to load ApplicationContext for [WebMergedContextConfiguration@411d3b5e testClass = com.backend.ProductElasticSearchServiceTest, locations = [], classes = [com.backend.App], contextInitializerClasses = [], activeProfiles = ["test"], propertySourceLocations = [], propertySourceProperties = ["org.springframework.boot.test.context.SpringBootTestContextBootstrapper=true"], contextCustomizers = [org.springframework.boot.test.context.filter.ExcludeFilterContextCustomizer@4b013c76, org.springframework.boot.test.json.DuplicateJsonObjectContextCustomizerFactory$DuplicateJsonObjectContextCustomizer@7bba5817, org.springframework.boot.test.mock.mockito.MockitoContextCustomizer@0, org.springframework.boot.test.web.client.TestRestTemplateContextCustomizer@48075da3, org.springframework.boot.test.autoconfigure.actuate.observability.ObservabilityContextCustomizerFactory$DisableObservabilityContextCustomizer@1f, org.springframework.boot.test.autoconfigure.properties.PropertyMappingContextCustomizer@0, org.springframework.boot.test.autoconfigure.web.servlet.WebDriverContextCustomizer@451001e5, org.springframework.boot.test.context.SpringBootTestAnnotation@4d8219ff], resourceBasePath = "src/main/webapp", contextLoader = org.springframework.boot.test.context.SpringBootContextLoader, parent = null]
Caused by: org.springframework.beans.factory.UnsatisfiedDependencyException: Error creating bean with name 'elasticController': Unsatisfied dependency expressed through field 'productElasticService': Error creating bean with name 'productElasticServiceImplementation': Unsatisfied dependency expressed through field 'productElasticRepository': Error creating bean with name 'productElasticRepository' defined in com.backend.repository.ProductElasticRepository defined in @EnableElasticsearchRepositories declared on ElasticsearchRepositoriesRegistrar.EnableElasticsearchRepositoriesConfiguration: Failed to instantiate [org.springframework.data.elasticsearch.repository.support.SimpleElasticsearchRepository]: Constructor threw exception
Caused by: org.springframework.beans.factory.UnsatisfiedDependencyException: Error creating bean with name 'productElasticServiceImplementation': Unsatisfied dependency expressed through field 'productElasticRepository': Error creating bean with name 'productElasticRepository' defined in com.backend.repository.ProductElasticRepository defined in @EnableElasticsearchRepositories declared on ElasticsearchRepositoriesRegistrar.EnableElasticsearchRepositoriesConfiguration: Failed to instantiate [org.springframework.data.elasticsearch.repository.support.SimpleElasticsearchRepository]: Constructor threw exception
Caused by: org.springframework.beans.factory.BeanCreationException: Error creating bean with name 'productElasticRepository' defined in com.backend.repository.ProductElasticRepository defined in @EnableElasticsearchRepositories declared on ElasticsearchRepositoriesRegistrar.EnableElasticsearchRepositoriesConfiguration: Failed to instantiate [org.springframework.data.elasticsearch.repository.support.SimpleElasticsearchRepository]: Constructor threw exception
Caused by: org.springframework.beans.BeanInstantiationException: Failed to instantiate [org.springframework.data.elasticsearch.repository.support.SimpleElasticsearchRepository]: Constructor threw exception
Caused by: org.springframework.dao.DataAccessResourceFailureException: Connection is closed
Caused by: java.lang.RuntimeException: Connection is closed
Caused by: org.apache.http.ConnectionClosedException: Connection is closed
Caused by: org.apache.http.ConnectionClosedException: Connection is closed

